<?xml version="1.0" encoding="UTF-8"?>
<!-- Generated by org.testng.reporters.JUnitReportReporter -->
<testsuite hostname="DESKTOP-3R2GJE1" failures="0" tests="1" name="testNGstudy.TestNGClass2" time="0.012" errors="0" timestamp="2023-12-18T12:30:24 IST" skipped="0">
  <testcase classname="testNGstudy.TestNGClass2" name="mymethod" time="0.012">
    <system-out>
      <![CDATA[Hi this is Reporter ,without boolean parameter]]>
    </system-out>
  </testcase> <!-- mymethod -->
  <system-out>
    <![CDATA[Hi this is Reporter ,without boolean parameter]]>
  </system-out>
</testsuite> <!-- testNGstudy.TestNGClass2 -->
