<?xml version="1.0" encoding="UTF-8"?>
<!-- Generated by org.testng.reporters.JUnitReportReporter -->
<testsuite hostname="DESKTOP-3R2GJE1" failures="0" tests="3" name="testNGstudy.testNGClass3" time="18.229" errors="0" timestamp="2023-12-18T12:56:43 IST" skipped="0">
  <testcase classname="testNGstudy.testNGClass3" name="instaLaunch" time="6.469">
    <system-out>
      <![CDATA[insta launching]]>
    </system-out>
  </testcase> <!-- instaLaunch -->
  <testcase classname="testNGstudy.testNGClass3" name="fbLaunch" time="4.025">
    <system-out>
      <![CDATA[fb launching]]>
    </system-out>
  </testcase> <!-- fbLaunch -->
  <testcase classname="testNGstudy.testNGClass3" name="twitterLaunch" time="7.735">
    <system-out>
      <![CDATA[twitter launching]]>
    </system-out>
  </testcase> <!-- twitterLaunch -->
  <system-out>
    <![CDATA[fb launching
insta launching
twitter launching]]>
  </system-out>
</testsuite> <!-- testNGstudy.testNGClass3 -->
