<?xml version="1.0" encoding="UTF-8"?>
<!-- Generated by org.testng.reporters.JUnitReportReporter -->
<testsuite hostname="DESKTOP-3R2GJE1" failures="0" tests="1" name="testNGstudy.mytestclass" time="5.745" errors="0" timestamp="2023-12-18T11:09:24 IST" skipped="0">
  <testcase classname="testNGstudy.mytestclass" name="mytest" time="5.745"/>
</testsuite> <!-- testNGstudy.mytestclass -->
