<?xml version="1.0" encoding="UTF-8"?>
<!-- Generated by org.testng.reporters.JUnitReportReporter -->
<testsuite hostname="DESKTOP-3R2GJE1" failures="0" tests="1" name="testNGstudy.NewTest" time="7.507" errors="0" timestamp="2024-01-14T13:05:13 IST" skipped="0">
  <testcase classname="testNGstudy.NewTest" name="f" time="7.507"/>
</testsuite> <!-- testNGstudy.NewTest -->
